# JRE version: 7.0_25-b30
# Java VM: OpenJDK Server VM (23.7-b01 mixed mode linux-x86 )
Heap
 PSYoungGen      total 104640K, used 3707K [0x9f130000, 0xa5f90000, 0xb33d0000)
  eden space 97408K, 0% used [0x9f130000,0x9f130020,0xa5050000)
  from space 7232K, 51% used [0xa57c0000,0xa5b5ef90,0xa5ed0000)
  to   space 7616K, 0% used [0xa5050000,0xa5050000,0xa57c0000)
 ParOldGen       total 41344K, used 14907K [0x76bd0000, 0x79430000, 0x9f130000)
  object space 41344K, 36% used [0x76bd0000,0x77a5ecd8,0x79430000)
 PSPermGen       total 18688K, used 18673K [0x6ebd0000, 0x6fe10000, 0x76bd0000)
  object space 18688K, 99% used [0x6ebd0000,0x6fe0c738,0x6fe10000)
GC Heap History (10 events):
Event: 8,462 GC heap before
{Heap before GC invocations=8 (full 0):
 PSYoungGen      total 67712K, used 66492K [0x9f130000, 0xa3a90000, 0xb33d0000)
  eden space 61120K, 100% used [0x9f130000,0xa2ce0000,0xa2ce0000)
  from space 6592K, 81% used [0xa2ce0000,0xa321f040,0xa3350000)
  to   space 5760K, 0% used [0xa3350000,0xa3350000,0xa38f0000)
 ParOldGen       total 41344K, used 11301K [0x76bd0000, 0x79430000, 0x9f130000)
  object space 41344K, 27% used [0x76bd0000,0x776d95c8,0x79430000)
 PSPermGen       total 16896K, used 16814K [0x6ebd0000, 0x6fc50000, 0x76bd0000)
  object space 16896K, 99% used [0x6ebd0000,0x6fc3b960,0x6fc50000)
Event: 8,476 GC heap after
Heap after GC invocations=8 (full 0):
 PSYoungGen      total 66880K, used 2940K [0x9f130000, 0xa3a90000, 0xb33d0000)
  eden space 61120K, 0% used [0x9f130000,0x9f130000,0xa2ce0000)
  from space 5760K, 51% used [0xa3350000,0xa362f030,0xa38f0000)
  to   space 6592K, 0% used [0xa2ce0000,0xa2ce0000,0xa3350000)
 ParOldGen       total 41344K, used 12019K [0x76bd0000, 0x79430000, 0x9f130000)
  object space 41344K, 29% used [0x76bd0000,0x7778cc60,0x79430000)
 PSPermGen       total 16896K, used 16814K [0x6ebd0000, 0x6fc50000, 0x76bd0000)
  object space 16896K, 99% used [0x6ebd0000,0x6fc3b960,0x6fc50000)
}
Event: 8,570 GC heap before
{Heap before GC invocations=9 (full 0):
 PSYoungGen      total 66880K, used 64060K [0x9f130000, 0xa3a90000, 0xb33d0000)
  eden space 61120K, 100% used [0x9f130000,0xa2ce0000,0xa2ce0000)
  from space 5760K, 51% used [0xa3350000,0xa362f030,0xa38f0000)
  to   space 6592K, 0% used [0xa2ce0000,0xa2ce0000,0xa3350000)
 ParOldGen       total 41344K, used 12019K [0x76bd0000, 0x79430000, 0x9f130000)
  object space 41344K, 29% used [0x76bd0000,0x7778cc60,0x79430000)
 PSPermGen       total 16896K, used 16834K [0x6ebd0000, 0x6fc50000, 0x76bd0000)
  object space 16896K, 99% used [0x6ebd0000,0x6fc40888,0x6fc50000)
Event: 8,577 GC heap after
Heap after GC invocations=9 (full 0):
 PSYoungGen      total 67712K, used 1096K [0x9f130000, 0xa5ed0000, 0xb33d0000)
  eden space 61120K, 0% used [0x9f130000,0x9f130000,0xa2ce0000)
  from space 6592K, 16% used [0xa2ce0000,0xa2df2020,0xa3350000)
  to   space 7232K, 0% used [0xa57c0000,0xa57c0000,0xa5ed0000)
 ParOldGen       total 41344K, used 13858K [0x76bd0000, 0x79430000, 0x9f130000)
  object space 41344K, 33% used [0x76bd0000,0x77958a88,0x79430000)
 PSPermGen       total 16896K, used 16834K [0x6ebd0000, 0x6fc50000, 0x76bd0000)
  object space 16896K, 99% used [0x6ebd0000,0x6fc40888,0x6fc50000)
}
Event: 8,638 GC heap before
{Heap before GC invocations=10 (full 0):
 PSYoungGen      total 67712K, used 62216K [0x9f130000, 0xa5ed0000, 0xb33d0000)
  eden space 61120K, 100% used [0x9f130000,0xa2ce0000,0xa2ce0000)
  from space 6592K, 16% used [0xa2ce0000,0xa2df2020,0xa3350000)
  to   space 7232K, 0% used [0xa57c0000,0xa57c0000,0xa5ed0000)
 ParOldGen       total 41344K, used 13858K [0x76bd0000, 0x79430000, 0x9f130000)
  object space 41344K, 33% used [0x76bd0000,0x77958a88,0x79430000)
 PSPermGen       total 16896K, used 16834K [0x6ebd0000, 0x6fc50000, 0x76bd0000)
  object space 16896K, 99% used [0x6ebd0000,0x6fc408c8,0x6fc50000)
Event: 8,640 GC heap after
Heap after GC invocations=10 (full 0):
 PSYoungGen      total 104640K, used 80K [0x9f130000, 0xa5f90000, 0xb33d0000)
  eden space 97408K, 0% used [0x9f130000,0x9f130000,0xa5050000)
  from space 7232K, 1% used [0xa57c0000,0xa57d4000,0xa5ed0000)
  to   space 7616K, 0% used [0xa5050000,0xa5050000,0xa57c0000)
 ParOldGen       total 41344K, used 14879K [0x76bd0000, 0x79430000, 0x9f130000)
  object space 41344K, 35% used [0x76bd0000,0x77a57cd8,0x79430000)
 PSPermGen       total 16896K, used 16834K [0x6ebd0000, 0x6fc50000, 0x76bd0000)
  object space 16896K, 99% used [0x6ebd0000,0x6fc408c8,0x6fc50000)
}
Event: 8,716 GC heap before
{Heap before GC invocations=11 (full 0):
 PSYoungGen      total 104640K, used 97488K [0x9f130000, 0xa5f90000, 0xb33d0000)
  eden space 97408K, 100% used [0x9f130000,0xa5050000,0xa5050000)
  from space 7232K, 1% used [0xa57c0000,0xa57d4000,0xa5ed0000)
  to   space 7616K, 0% used [0xa5050000,0xa5050000,0xa57c0000)
 ParOldGen       total 41344K, used 14879K [0x76bd0000, 0x79430000, 0x9f130000)
  object space 41344K, 35% used [0x76bd0000,0x77a57cd8,0x79430000)
 PSPermGen       total 16896K, used 16834K [0x6ebd0000, 0x6fc50000, 0x76bd0000)
  object space 16896K, 99% used [0x6ebd0000,0x6fc408c8,0x6fc50000)
Event: 8,718 GC heap after
Heap after GC invocations=11 (full 0):
 PSYoungGen      total 105024K, used 64K [0x9f130000, 0xa5f90000, 0xb33d0000)
  eden space 97408K, 0% used [0x9f130000,0x9f130000,0xa5050000)
  from space 7616K, 0% used [0xa5050000,0xa5060000,0xa57c0000)
  to   space 7232K, 0% used [0xa57c0000,0xa57c0000,0xa5ed0000)
 ParOldGen       total 41344K, used 14903K [0x76bd0000, 0x79430000, 0x9f130000)
  object space 41344K, 36% used [0x76bd0000,0x77a5dcd8,0x79430000)
 PSPermGen       total 16896K, used 16834K [0x6ebd0000, 0x6fc50000, 0x76bd0000)
  object space 16896K, 99% used [0x6ebd0000,0x6fc408c8,0x6fc50000)
}
Event: 9,936 GC heap before
{Heap before GC invocations=12 (full 0):
 PSYoungGen      total 105024K, used 97472K [0x9f130000, 0xa5f90000, 0xb33d0000)
  eden space 97408K, 100% used [0x9f130000,0xa5050000,0xa5050000)
  from space 7616K, 0% used [0xa5050000,0xa5060000,0xa57c0000)
  to   space 7232K, 0% used [0xa57c0000,0xa57c0000,0xa5ed0000)
 ParOldGen       total 41344K, used 14903K [0x76bd0000, 0x79430000, 0x9f130000)
  object space 41344K, 36% used [0x76bd0000,0x77a5dcd8,0x79430000)
 PSPermGen       total 18688K, used 18673K [0x6ebd0000, 0x6fe10000, 0x76bd0000)
  object space 18688K, 99% used [0x6ebd0000,0x6fe0c738,0x6fe10000)
Event: 9,948 GC heap after
Heap after GC invocations=12 (full 0):
 PSYoungGen      total 104640K, used 3707K [0x9f130000, 0xa5f90000, 0xb33d0000)
  eden space 97408K, 0% used [0x9f130000,0x9f130000,0xa5050000)
  from space 7232K, 51% used [0xa57c0000,0xa5b5ef90,0xa5ed0000)
  to   space 7616K, 0% used [0xa5050000,0xa5050000,0xa57c0000)
 ParOldGen       total 41344K, used 14907K [0x76bd0000, 0x79430000, 0x9f130000)
  object space 41344K, 36% used [0x76bd0000,0x77a5ecd8,0x79430000)
 PSPermGen       total 18688K, used 18673K [0x6ebd0000, 0x6fe10000, 0x76bd0000)
  object space 18688K, 99% used [0x6ebd0000,0x6fe0c738,0x6fe10000)
}

